d:\penn\courses\cis565\project0-getting-started\build\lib\debug\cis565_getting_started.lib
d:\penn\courses\cis565\project0-getting-started\build\lib\debug\cis565_getting_started.exp
d:\penn\courses\cis565\project0-getting-started\build\cis565_getting_started.dir\debug\vc142.pdb
d:\penn\courses\cis565\project0-getting-started\build\cis565_getting_started.dir\debug\main.obj
d:\penn\courses\cis565\project0-getting-started\build\cis565_getting_started.dir\debug\glslutility.obj
d:\penn\courses\cis565\project0-getting-started\build\cmakefiles\cis565_getting_started.dir\src\debug\cis565_getting_started_generated_kernel.cu.obj
d:\penn\courses\cis565\project0-getting-started\build\cmakefiles\generate.stamp
d:\penn\courses\cis565\project0-getting-started\build\bin\debug\cis565_getting_started.ilk
d:\penn\courses\cis565\project0-getting-started\build\bin\debug\cis565_getting_started.exe
d:\penn\courses\cis565\project0-getting-started\build\bin\debug\cis565_getting_started.pdb
d:\penn\courses\cis565\project0-getting-started\build\cis565_getting_started.dir\debug\cis565_g.a4288b6d.tlog\cis565_getting_started.write.1u.tlog
d:\penn\courses\cis565\project0-getting-started\build\cis565_getting_started.dir\debug\cis565_g.a4288b6d.tlog\cl.command.1.tlog
d:\penn\courses\cis565\project0-getting-started\build\cis565_getting_started.dir\debug\cis565_g.a4288b6d.tlog\cl.read.1.tlog
d:\penn\courses\cis565\project0-getting-started\build\cis565_getting_started.dir\debug\cis565_g.a4288b6d.tlog\cl.write.1.tlog
d:\penn\courses\cis565\project0-getting-started\build\cis565_getting_started.dir\debug\cis565_g.a4288b6d.tlog\custombuild.command.1.tlog
d:\penn\courses\cis565\project0-getting-started\build\cis565_getting_started.dir\debug\cis565_g.a4288b6d.tlog\custombuild.read.1.tlog
d:\penn\courses\cis565\project0-getting-started\build\cis565_getting_started.dir\debug\cis565_g.a4288b6d.tlog\custombuild.write.1.tlog
d:\penn\courses\cis565\project0-getting-started\build\cis565_getting_started.dir\debug\cis565_g.a4288b6d.tlog\link.command.1.tlog
d:\penn\courses\cis565\project0-getting-started\build\cis565_getting_started.dir\debug\cis565_g.a4288b6d.tlog\link.read.1.tlog
d:\penn\courses\cis565\project0-getting-started\build\cis565_getting_started.dir\debug\cis565_g.a4288b6d.tlog\link.write.1.tlog
