  Building NVCC (Device) object CMakeFiles/cis565_getting_started.dir/src/Debug/cis565_getting_started_generated_kernel.cu.obj
  -- Removing D:/Andrew/Penn/Classes/JuniorFall/CIS565/Project0-Getting-Started/build/CMakeFiles/cis565_getting_started.dir/src/Debug/cis565_getting_started_generated_kernel.cu.obj
  "C:/Program Files/CMake/bin/cmake.exe" -E rm -f D:/Andrew/Penn/Classes/JuniorFall/CIS565/Project0-Getting-Started/build/CMakeFiles/cis565_getting_started.dir/src/Debug/cis565_getting_started_generated_kernel.cu.obj
  -- Generating dependency file: D:/Andrew/Penn/Classes/JuniorFall/CIS565/Project0-Getting-Started/build/CMakeFiles/cis565_getting_started.dir/src/cis565_getting_started_generated_kernel.cu.obj.NVCC-depend
  "C:/Program Files/NVIDIA GPU Computing Toolkit/CUDA/v11.4/bin/nvcc.exe" -M -D__CUDACC__ D:/Andrew/Penn/Classes/JuniorFall/CIS565/Project0-Getting-Started/cuda-getting-started/src/kernel.cu -o D:/Andrew/Penn/Classes/JuniorFall/CIS565/Project0-Getting-Started/build/CMakeFiles/cis565_getting_started.dir/src/cis565_getting_started_generated_kernel.cu.obj.NVCC-depend -ccbin "D:/Program Files (x86)/Microsoft Visual Studio/2019/Community/VC/Tools/MSVC/14.29.30133/bin/Hostx64/x64/cl.exe" -m64 -DCUDA_COMPUTE_61 -DGLEW_STATIC -Xcompiler ,\"/DWIN32\",\"/D_WINDOWS\",\"/W3\",\"/GR\",\"/EHsc\",\"/MDd\",\"/Zi\",\"/Ob0\",\"/Od\",\"/RTC1\" -gencode arch=compute_61,code=sm_61 -g -G -DNVCC "-IC:/Program Files/NVIDIA GPU Computing Toolkit/CUDA/v11.4/include" -ID:/Andrew/Penn/Classes/JuniorFall/CIS565/Project0-Getting-Started/cuda-getting-started/external/include
  kernel.cu
  -- Generating temporary cmake readable file: D:/Andrew/Penn/Classes/JuniorFall/CIS565/Project0-Getting-Started/build/CMakeFiles/cis565_getting_started.dir/src/cis565_getting_started_generated_kernel.cu.obj.depend.tmp
  "C:/Program Files/CMake/bin/cmake.exe" -D input_file:FILEPATH=D:/Andrew/Penn/Classes/JuniorFall/CIS565/Project0-Getting-Started/build/CMakeFiles/cis565_getting_started.dir/src/cis565_getting_started_generated_kernel.cu.obj.NVCC-depend -D output_file:FILEPATH=D:/Andrew/Penn/Classes/JuniorFall/CIS565/Project0-Getting-Started/build/CMakeFiles/cis565_getting_started.dir/src/cis565_getting_started_generated_kernel.cu.obj.depend.tmp -D verbose=ON -P "C:/Program Files/CMake/share/cmake-3.21/Modules/FindCUDA/make2cmake.cmake"
  -- Copy if different D:/Andrew/Penn/Classes/JuniorFall/CIS565/Project0-Getting-Started/build/CMakeFiles/cis565_getting_started.dir/src/cis565_getting_started_generated_kernel.cu.obj.depend.tmp to D:/Andrew/Penn/Classes/JuniorFall/CIS565/Project0-Getting-Started/build/CMakeFiles/cis565_getting_started.dir/src/cis565_getting_started_generated_kernel.cu.obj.depend
  "C:/Program Files/CMake/bin/cmake.exe" -E copy_if_different D:/Andrew/Penn/Classes/JuniorFall/CIS565/Project0-Getting-Started/build/CMakeFiles/cis565_getting_started.dir/src/cis565_getting_started_generated_kernel.cu.obj.depend.tmp D:/Andrew/Penn/Classes/JuniorFall/CIS565/Project0-Getting-Started/build/CMakeFiles/cis565_getting_started.dir/src/cis565_getting_started_generated_kernel.cu.obj.depend
  -- Removing D:/Andrew/Penn/Classes/JuniorFall/CIS565/Project0-Getting-Started/build/CMakeFiles/cis565_getting_started.dir/src/cis565_getting_started_generated_kernel.cu.obj.depend.tmp and D:/Andrew/Penn/Classes/JuniorFall/CIS565/Project0-Getting-Started/build/CMakeFiles/cis565_getting_started.dir/src/cis565_getting_started_generated_kernel.cu.obj.NVCC-depend
  "C:/Program Files/CMake/bin/cmake.exe" -E rm -f D:/Andrew/Penn/Classes/JuniorFall/CIS565/Project0-Getting-Started/build/CMakeFiles/cis565_getting_started.dir/src/cis565_getting_started_generated_kernel.cu.obj.depend.tmp D:/Andrew/Penn/Classes/JuniorFall/CIS565/Project0-Getting-Started/build/CMakeFiles/cis565_getting_started.dir/src/cis565_getting_started_generated_kernel.cu.obj.NVCC-depend
  -- Generating D:/Andrew/Penn/Classes/JuniorFall/CIS565/Project0-Getting-Started/build/CMakeFiles/cis565_getting_started.dir/src/Debug/cis565_getting_started_generated_kernel.cu.obj
  "C:/Program Files/NVIDIA GPU Computing Toolkit/CUDA/v11.4/bin/nvcc.exe" D:/Andrew/Penn/Classes/JuniorFall/CIS565/Project0-Getting-Started/cuda-getting-started/src/kernel.cu -c -o D:/Andrew/Penn/Classes/JuniorFall/CIS565/Project0-Getting-Started/build/CMakeFiles/cis565_getting_started.dir/src/Debug/cis565_getting_started_generated_kernel.cu.obj -ccbin "D:/Program Files (x86)/Microsoft Visual Studio/2019/Community/VC/Tools/MSVC/14.29.30133/bin/Hostx64/x64/cl.exe" -m64 -DCUDA_COMPUTE_61 -DGLEW_STATIC -Xcompiler ,\"/DWIN32\",\"/D_WINDOWS\",\"/W3\",\"/GR\",\"/EHsc\",\"/MDd\",\"/Zi\",\"/Ob0\",\"/Od\",\"/RTC1\" -gencode arch=compute_61,code=sm_61 -g -G -DNVCC "-IC:/Program Files/NVIDIA GPU Computing Toolkit/CUDA/v11.4/include" -ID:/Andrew/Penn/Classes/JuniorFall/CIS565/Project0-Getting-Started/cuda-getting-started/external/include
  kernel.cu
d:\andrew\penn\classes\juniorfall\cis565\project0-getting-started\cuda-getting-started\src\kernel.cu(105): warning C4996: 'cudaThreadSynchronize': was declared deprecated
  Generated D:/Andrew/Penn/Classes/JuniorFall/CIS565/Project0-Getting-Started/build/CMakeFiles/cis565_getting_started.dir/src/Debug/cis565_getting_started_generated_kernel.cu.obj successfully.
  Building Custom Rule D:/Andrew/Penn/Classes/JuniorFall/CIS565/Project0-Getting-Started/cuda-getting-started/CMakeLists.txt
  glslUtility.cpp
  main.cpp
D:\Andrew\Penn\Classes\JuniorFall\CIS565\Project0-Getting-Started\cuda-getting-started\src\main.cpp(94,9): warning C4996: 'cudaGLRegisterBufferObject': was declared deprecated
D:\Andrew\Penn\Classes\JuniorFall\CIS565\Project0-Getting-Started\cuda-getting-started\src\main.cpp(135,5): warning C4996: 'cudaGLSetGLDevice': was declared deprecated
D:\Andrew\Penn\Classes\JuniorFall\CIS565\Project0-Getting-Started\cuda-getting-started\src\main.cpp(169,5): warning C4996: 'cudaGLMapBufferObject': was declared deprecated
D:\Andrew\Penn\Classes\JuniorFall\CIS565\Project0-Getting-Started\cuda-getting-started\src\main.cpp(175,5): warning C4996: 'cudaGLUnmapBufferObject': was declared deprecated
D:\Andrew\Penn\Classes\JuniorFall\CIS565\Project0-Getting-Started\cuda-getting-started\src\main.cpp(224,9): warning C4996: 'cudaGLUnregisterBufferObject': was declared deprecated
  Generating Code...
glew32s.lib(glew.obj) : warning LNK4099: PDB 'vc120.pdb' was not found with 'glew32s.lib(glew.obj)' or at 'D:\Andrew\Penn\Classes\JuniorFall\CIS565\Project0-Getting-Started\build\bin\Debug\vc120.pdb'; linking object as if no debug info
     Creating library D:/Andrew/Penn/Classes/JuniorFall/CIS565/Project0-Getting-Started/build/lib/Debug/cis565_getting_started.lib and object D:/Andrew/Penn/Classes/JuniorFall/CIS565/Project0-Getting-Started/build/lib/Debug/cis565_getting_started.exp
LINK : warning LNK4098: defaultlib 'LIBCMT' conflicts with use of other libs; use /NODEFAULTLIB:library
LINK : warning LNK4098: defaultlib 'MSVCRT' conflicts with use of other libs; use /NODEFAULTLIB:library
  cis565_getting_started.vcxproj -> D:\Andrew\Penn\Classes\JuniorFall\CIS565\Project0-Getting-Started\build\bin\Debug\cis565_getting_started.exe
